Hmm ... looks like a package

This is pdfTeX, Version 3.14159265-2.6-1.40.18 (TeX Live 2017) (preloaded format=pdflatex)
 restricted \write18 enabled.
entering extended mode
LaTeX2e <2017-04-15>
Babel <3.10> and hyphenation patterns for 84 language(s) loaded.
(./Rd2.tex
(/usr/local/texlive/2017/texmf-dist/tex/latex/base/book.cls
Document Class: book 2014/09/29 v1.4h Standard LaTeX document class
(/usr/local/texlive/2017/texmf-dist/tex/latex/base/bk10.clo))
(/Library/Frameworks/R.framework/Resources/share/texmf/tex/latex/Rd.sty
(/usr/local/texlive/2017/texmf-dist/tex/latex/base/ifthen.sty)
(/usr/local/texlive/2017/texmf-dist/tex/latex/tools/longtable.sty)
(/usr/local/texlive/2017/texmf-dist/tex/latex/tools/bm.sty)
(/usr/local/texlive/2017/texmf-dist/tex/latex/base/alltt.sty)
(/usr/local/texlive/2017/texmf-dist/tex/latex/tools/verbatim.sty)
(/usr/local/texlive/2017/texmf-dist/tex/latex/url/url.sty)
(/usr/local/texlive/2017/texmf-dist/tex/latex/base/textcomp.sty
(/usr/local/texlive/2017/texmf-dist/tex/latex/base/ts1enc.def))
(/usr/local/texlive/2017/texmf-dist/tex/latex/base/fontenc.sty
(/usr/local/texlive/2017/texmf-dist/tex/latex/base/t1enc.def))
(/usr/local/texlive/2017/texmf-dist/tex/latex/psnfss/times.sty)
(/usr/local/texlive/2017/texmf-dist/tex/latex/inconsolata/zi4.sty
`inconsolata-zi4' v1.112, 2017/01/04 Text macros for Inconsolata (msharpe)
(/usr/local/texlive/2017/texmf-dist/tex/latex/xkeyval/xkeyval.sty
(/usr/local/texlive/2017/texmf-dist/tex/generic/xkeyval/xkeyval.tex
(/usr/local/texlive/2017/texmf-dist/tex/generic/xkeyval/xkvutils.tex
(/usr/local/texlive/2017/texmf-dist/tex/generic/xkeyval/keyval.tex)))))
(/usr/local/texlive/2017/texmf-dist/tex/latex/graphics/color.sty
(/usr/local/texlive/2017/texmf-dist/tex/latex/graphics-cfg/color.cfg)
(/usr/local/texlive/2017/texmf-dist/tex/latex/graphics-def/pdftex.def
(/usr/local/texlive/2017/texmf-dist/tex/generic/oberdiek/infwarerr.sty)
(/usr/local/texlive/2017/texmf-dist/tex/generic/oberdiek/ltxcmds.sty)))
(/usr/local/texlive/2017/texmf-dist/tex/latex/hyperref/hyperref.sty
(/usr/local/texlive/2017/texmf-dist/tex/generic/oberdiek/hobsub-hyperref.sty
(/usr/local/texlive/2017/texmf-dist/tex/generic/oberdiek/hobsub-generic.sty))
(/usr/local/texlive/2017/texmf-dist/tex/generic/ifxetex/ifxetex.sty)
(/usr/local/texlive/2017/texmf-dist/tex/latex/oberdiek/auxhook.sty)
(/usr/local/texlive/2017/texmf-dist/tex/latex/oberdiek/kvoptions.sty)
(/usr/local/texlive/2017/texmf-dist/tex/latex/hyperref/pd1enc.def)
(/usr/local/texlive/2017/texmf-dist/tex/latex/latexconfig/hyperref.cfg))

Package hyperref Message: Driver (autodetected): hpdftex.

(/usr/local/texlive/2017/texmf-dist/tex/latex/hyperref/hpdftex.def
(/usr/local/texlive/2017/texmf-dist/tex/latex/oberdiek/rerunfilecheck.sty))

Package hyperref Warning: Option `hyperindex' has already been used,
(hyperref)                setting the option has no effect on input line 366.


Package hyperref Warning: Option `pagebackref' has already been used,
(hyperref)                setting the option has no effect on input line 366.

) (/usr/local/texlive/2017/texmf-dist/tex/latex/base/makeidx.sty)
(/usr/local/texlive/2017/texmf-dist/tex/latex/base/inputenc.sty
(/usr/local/texlive/2017/texmf-dist/tex/latex/base/utf8.def
(/usr/local/texlive/2017/texmf-dist/tex/latex/base/t1enc.dfu)
(/usr/local/texlive/2017/texmf-dist/tex/latex/base/ot1enc.dfu)
(/usr/local/texlive/2017/texmf-dist/tex/latex/base/omsenc.dfu)
(/usr/local/texlive/2017/texmf-dist/tex/latex/base/ts1enc.dfu)))
Writing index file Rd2.idx
No file Rd2.aux.
(/usr/local/texlive/2017/texmf-dist/tex/latex/base/ts1cmr.fd)
(/usr/local/texlive/2017/texmf-dist/tex/latex/psnfss/t1ptm.fd)
(/usr/local/texlive/2017/texmf-dist/tex/context/base/mkii/supp-pdf.mkii
[Loading MPS to PDF converter (version 2006.09.02).]
) (/usr/local/texlive/2017/texmf-dist/tex/latex/hyperref/nameref.sty
(/usr/local/texlive/2017/texmf-dist/tex/generic/oberdiek/gettitlestring.sty))
(/usr/local/texlive/2017/texmf-dist/tex/latex/base/utf8.def)
(/usr/local/texlive/2017/texmf-dist/tex/latex/inconsolata/t1zi4.fd)
(/usr/local/texlive/2017/texmf-dist/tex/latex/psnfss/ts1ptm.fd) [1{/usr/local/t
exlive/2017/texmf-var/fonts/map/pdftex/updmap/pdftex.map}]
(/usr/local/texlive/2017/texmf-dist/tex/latex/psnfss/t1phv.fd)
(/usr/local/texlive/2017/texmf-dist/tex/latex/base/utf8.def) [2]
(/usr/local/texlive/2017/texmf-dist/tex/latex/inconsolata/ts1zi4.fd)
(/usr/local/texlive/2017/texmf-dist/tex/latex/base/utf8.def) [3]
(/usr/local/texlive/2017/texmf-dist/tex/latex/base/utf8.def) [4]
(/usr/local/texlive/2017/texmf-dist/tex/latex/base/utf8.def) [5]
(/usr/local/texlive/2017/texmf-dist/tex/latex/base/utf8.def)
Overfull \hbox (18.41718pt too wide) in paragraph at lines 319--325
\T1/ptm/m/n/10 package. There are many text min-ing ap-pli-ca-tions for documen
t-term ma-tri-ces. A \T1/zi4/m/n/10 DocumentTermMatrix
[6]
Overfull \hbox (28.95885pt too wide) in paragraph at lines 390--398
[]\T1/ptm/m/n/10 If \T1/zi4/m/n/10 x \T1/ptm/m/n/10 refers to a cor-pus (i.e. i
s a length 1 char-ac-ter vec-tor), a \T1/zi4/m/n/10 TermDocumentMatrix\T1/ptm/m
/n/10 , or \T1/zi4/m/n/10 DocumentTermMatrix
[7] (/usr/local/texlive/2017/texmf-dist/tex/latex/base/utf8.def)
Overfull \hbox (35.43944pt too wide) in paragraph at lines 459--465
\T1/ptm/m/n/10 package. Note how-ever that gen-er-at-ing a \T1/zi4/m/n/10 VCorp
us \T1/ptm/m/n/10 to get a \T1/zi4/m/n/10 DocumentTermMatrix\T1/ptm/m/n/10 , or
 a \T1/zi4/m/n/10 TermDocumentMatrix
(/usr/local/texlive/2017/texmf-dist/tex/latex/base/utf8.def) [8]
(/usr/local/texlive/2017/texmf-dist/tex/latex/base/utf8.def) [9]
(/usr/local/texlive/2017/texmf-dist/tex/latex/base/utf8.def) [10] [11] [12]
(/usr/local/texlive/2017/texmf-dist/tex/latex/base/utf8.def) [13] [14]
(/usr/local/texlive/2017/texmf-dist/tex/latex/base/utf8.def)
Overfull \hbox (12.53809pt too wide) in paragraph at lines 932--934
[]\T1/ptm/m/n/10 A \T1/zi4/m/n/10 logical \T1/ptm/m/n/10 value, whether to chec
k va-lid-ity of CQP query us-ing \T1/zi4/m/n/10 check_cqp_query\T1/ptm/m/n/10 .
 
[15] (/usr/local/texlive/2017/texmf-dist/tex/latex/base/utf8.def) [16] [17]
(/usr/local/texlive/2017/texmf-dist/tex/latex/base/utf8.def) [18]
(/usr/local/texlive/2017/texmf-dist/tex/latex/base/utf8.def) [19]
Overfull \hbox (21.07854pt too wide) in paragraph at lines 1244--1248
[]\T1/ptm/m/n/10 Character vec-tor or nu-meric vec-tor: in-clude a query hit on
ly if to-ken in \T1/zi4/m/n/10 positivelist
[20]
Overfull \hbox (24.74715pt too wide) in paragraph at lines 1290--1290
 []\T1/zi4/m/n/9 merkel <- partition("GERMAPARLMINI", interjection = "speech", 
speaker = ".*Merkel", regex = TRUE)[] 
(/usr/local/texlive/2017/texmf-dist/tex/latex/base/utf8.def) [21] [22]
Underfull \vbox (badness 10000) has occurred while \output is active [23]
(/usr/local/texlive/2017/texmf-dist/tex/latex/base/utf8.def) [24] [25]
(/usr/local/texlive/2017/texmf-dist/tex/latex/base/utf8.def) [26]
(/usr/local/texlive/2017/texmf-dist/tex/latex/base/utf8.def) [27]
Overfull \hbox (1.5497pt too wide) in paragraph at lines 1800--1801
[]\T1/ptm/m/n/10 Initialize a new ob-ject of

Overfull \hbox (18.06027pt too wide) in paragraph at lines 1801--1802
[]\T1/ptm/m/n/10 Perform counts. 
[28] (/usr/local/texlive/2017/texmf-dist/tex/latex/base/utf8.def) [29]
(/usr/local/texlive/2017/texmf-dist/tex/latex/base/utf8.def) [30]
(/usr/local/texlive/2017/texmf-dist/tex/latex/base/utf8.def) [31]
Overfull \hbox (12.53809pt too wide) in paragraph at lines 2040--2042
[]\T1/ptm/m/n/10 A \T1/zi4/m/n/10 logical \T1/ptm/m/n/10 value, whether to chec
k va-lid-ity of CQP query us-ing \T1/zi4/m/n/10 check_cqp_query\T1/ptm/m/n/10 .
 
[32] (/usr/local/texlive/2017/texmf-dist/tex/latex/base/utf8.def) [33]
(/usr/local/texlive/2017/texmf-dist/tex/latex/base/utf8.def) [34]
Overfull \hbox (7.44826pt too wide) in paragraph at lines 2223--2226
[]\T1/ptm/m/n/10 A \T1/zi4/m/n/10 character \T1/ptm/m/n/10 vec-tor in-di-cat-in
g a CWB cor-pus, a \T1/zi4/m/n/10 partition \T1/ptm/m/n/10 ob-ject, a \T1/zi4/m
/n/10 tempcorpus

Overfull \hbox (12.53809pt too wide) in paragraph at lines 2240--2242
[]\T1/ptm/m/n/10 A \T1/zi4/m/n/10 logical \T1/ptm/m/n/10 value, whether to chec
k va-lid-ity of CQP query us-ing \T1/zi4/m/n/10 check_cqp_query\T1/ptm/m/n/10 .
 
(/usr/local/texlive/2017/texmf-dist/tex/latex/base/utf8.def) [35]
(/usr/local/texlive/2017/texmf-dist/tex/latex/base/utf8.def) [36]
(/usr/local/texlive/2017/texmf-dist/tex/latex/base/utf8.def) [37]
(/usr/local/texlive/2017/texmf-dist/tex/latex/base/utf8.def) [38]
(/usr/local/texlive/2017/texmf-dist/tex/latex/base/utf8.def) [39]
(/usr/local/texlive/2017/texmf-dist/tex/latex/base/utf8.def) [40]
(/usr/local/texlive/2017/texmf-dist/tex/latex/base/utf8.def)
(/usr/local/texlive/2017/texmf-dist/tex/latex/base/utf8.def) [41]
Overfull \hbox (44.05911pt too wide) in paragraph at lines 2692--2698
\T1/ptm/m/n/10 tion_bundle" (see [][]\T1/zi4/m/n/10 partition_bundle-class[][][
]\T1/ptm/m/n/10 ), "kwic" (see [][]\T1/zi4/m/n/10 kwic-class[][][]\T1/ptm/m/n/1
0 ), and "con-text" (see [][]\T1/zi4/m/n/10 context-class[][][]\T1/ptm/m/n/10 )
.
(/usr/local/texlive/2017/texmf-dist/tex/latex/base/utf8.def)
Overfull \hbox (1.91815pt too wide) in paragraph at lines 2708--2711
[]\T1/ptm/m/n/10 The fea-tures of two ob-jects, usu-ally a \T1/zi4/m/n/10 parti
tion \T1/ptm/m/n/10 defin-ing a cor-pus of in-ter-est (coi), and a \T1/zi4/m/n/
10 partition
[42] [43] (/usr/local/texlive/2017/texmf-dist/tex/latex/base/utf8.def)
Overfull \hbox (4.66864pt too wide) in paragraph at lines 2852--2856
[]\T1/ptm/m/n/10 A set of \T1/zi4/m/n/10 features \T1/ptm/m/n/10 ob-jects can b
e com-bined into a \T1/zi4/m/n/10 features_bundle\T1/ptm/m/n/10 . Typ-i-cally, 
a \T1/zi4/m/n/10 features_bundle
[44] (/usr/local/texlive/2017/texmf-dist/tex/latex/base/utf8.def)
(/usr/local/texlive/2017/texmf-dist/tex/latex/base/utf8.def) [45]
(/usr/local/texlive/2017/texmf-dist/tex/latex/base/utf8.def) [46]
(/usr/local/texlive/2017/texmf-dist/tex/latex/base/utf8.def) [47] [48]
(/usr/local/texlive/2017/texmf-dist/tex/latex/base/utf8.def) [49]
Overfull \hbox (12.53809pt too wide) in paragraph at lines 3212--3214
[]\T1/ptm/m/n/10 A \T1/zi4/m/n/10 logical \T1/ptm/m/n/10 value, whether to chec
k va-lid-ity of CQP query us-ing \T1/zi4/m/n/10 check_cqp_query\T1/ptm/m/n/10 .
 
(/usr/local/texlive/2017/texmf-dist/tex/latex/base/utf8.def) [50]
(/usr/local/texlive/2017/texmf-dist/tex/latex/base/utf8.def)
Overfull \hbox (12.55846pt too wide) in paragraph at lines 3333--3335
[]\T1/ptm/m/n/10 maximum num-ber of to-kens to de-code from to-ken stream, pass
ed into \T1/zi4/m/n/10 as.markdown 
[51] (/usr/local/texlive/2017/texmf-dist/tex/latex/base/utf8.def) [52]
Overfull \hbox (12.53809pt too wide) in paragraph at lines 3468--3470
[]\T1/ptm/m/n/10 A \T1/zi4/m/n/10 logical \T1/ptm/m/n/10 value, whether to chec
k va-lid-ity of CQP query us-ing \T1/zi4/m/n/10 check_cqp_query\T1/ptm/m/n/10 .
 
[53] (/usr/local/texlive/2017/texmf-dist/tex/latex/base/utf8.def)
Overfull \hbox (1.85748pt too wide) in paragraph at lines 3542--3547
\T1/ptm/m/n/10 pro-cess kwic class ob-jects (see 'Us-age'). See sec-tion 'De-ta
ils' for the \T1/zi4/m/n/10 enrich\T1/ptm/m/n/10 , \T1/zi4/m/n/10 view \T1/ptm/
m/n/10 and \T1/zi4/m/n/10 knit_print
[54] [55] (/usr/local/texlive/2017/texmf-dist/tex/latex/base/utf8.def) [56]
(/usr/local/texlive/2017/texmf-dist/tex/latex/base/utf8.def)
(/usr/local/texlive/2017/texmf-dist/tex/latex/base/utf8.def) [57] [58] [59]
(/usr/local/texlive/2017/texmf-dist/tex/latex/base/utf8.def) [60]
(/usr/local/texlive/2017/texmf-dist/tex/latex/base/utf8.def) [61]
(/usr/local/texlive/2017/texmf-dist/tex/latex/base/utf8.def) [62]
(/usr/local/texlive/2017/texmf-dist/tex/latex/base/utf8.def)
(/usr/local/texlive/2017/texmf-dist/tex/latex/base/utf8.def) [63]
(/usr/local/texlive/2017/texmf-dist/tex/latex/base/utf8.def) [64]
Overfull \hbox (8.8082pt too wide) in paragraph at lines 4226--4228
[]\T1/ptm/m/n/10 Object slots that will be re-ported columns of \T1/zi4/m/n/10 
data.frame \T1/ptm/m/n/10 sum-ma-riz-ing \T1/zi4/m/n/10 partition
[65]
Overfull \hbox (11.24715pt too wide) in paragraph at lines 4295--4295
 []\T1/zi4/m/n/9 merkel <- partition("GERMAPARLMINI", speaker = ".*Merkel", p_a
ttribute = "word", regex = TRUE)[] 
[66] (/usr/local/texlive/2017/texmf-dist/tex/latex/base/utf8.def) [67]
(/usr/local/texlive/2017/texmf-dist/tex/latex/base/utf8.def) [68] [69]
(/usr/local/texlive/2017/texmf-dist/tex/latex/base/utf8.def) [70]
Overfull \hbox (12.50745pt too wide) in paragraph at lines 4674--4676
[]\T1/ptm/m/n/10 A name to iden-tify the ob-ject (\T1/zi4/m/n/10 character \T1/
ptm/m/n/10 vec-tor with length 1); use-ful when mul-ti-ple \T1/zi4/m/n/10 parti
tion
[71] (/usr/local/texlive/2017/texmf-dist/tex/latex/base/utf8.def) [72]
(/usr/local/texlive/2017/texmf-dist/tex/latex/base/utf8.def) [73]
Overfull \hbox (123.57532pt too wide) in paragraph at lines 4816--4817
[]\T1/ptm/m/n/10 Stefan Ev-ert & The OCWB De-vel-op-ment Team, CQP Query Lan-gu
age Tu-to-rial, http://cwb.sourceforge.net/files/CQP_Tutorial.pdf. 
(/usr/local/texlive/2017/texmf-dist/tex/latex/base/utf8.def) [74] [75]
Overfull \hbox (2.25635pt too wide) in paragraph at lines 4939--4939
 []\T1/zi4/m/n/9 pb <- as.speeches("GERMAPARLMINI", s_attribute_date = "date", 
s_attribute_name = "speaker")[] 
(/usr/local/texlive/2017/texmf-dist/tex/latex/base/utf8.def) [76]
(/usr/local/texlive/2017/texmf-dist/tex/latex/base/utf8.def)
Overfull \hbox (24.70741pt too wide) in paragraph at lines 5042--5048
[]\T1/ptm/m/n/10 Upon load-ing the polmineR pack-age, there is a check whether 
the en-vi-ron-ment vari-able \T1/zi4/m/n/10 CORPUS_REGISTRY
(/usr/local/texlive/2017/texmf-dist/tex/latex/base/utf8.def) [77]
Overfull \hbox (44.60707pt too wide) in paragraph at lines 5112--5114
[]\T1/ptm/m/n/10 An ap-pendix to the 'Cor-pus En-cod-ing Tu-to-rial' (http://cw
b.sourceforge.net/files/CWB_Encoding_Tutorial.pdf)
(/usr/local/texlive/2017/texmf-dist/tex/latex/base/utf8.def) [78]
(/usr/local/texlive/2017/texmf-dist/tex/latex/base/utf8.def) [79]
(/usr/local/texlive/2017/texmf-dist/tex/latex/base/utf8.def) [80]
(/usr/local/texlive/2017/texmf-dist/tex/latex/base/utf8.def)
(/usr/local/texlive/2017/texmf-dist/tex/latex/base/utf8.def) [81]
(/usr/local/texlive/2017/texmf-dist/tex/latex/base/utf8.def) [82]
(/usr/local/texlive/2017/texmf-dist/tex/latex/base/utf8.def) [83]
(/usr/local/texlive/2017/texmf-dist/tex/latex/base/utf8.def)
(/usr/local/texlive/2017/texmf-dist/tex/latex/base/utf8.def) [84]
(/usr/local/texlive/2017/texmf-dist/tex/latex/base/utf8.def)
(/usr/local/texlive/2017/texmf-dist/tex/latex/base/utf8.def) [85] [86] [87]
(/usr/local/texlive/2017/texmf-dist/tex/latex/base/utf8.def) [88]
(/usr/local/texlive/2017/texmf-dist/tex/latex/base/utf8.def) [89]
(/usr/local/texlive/2017/texmf-dist/tex/latex/base/utf8.def)
(/usr/local/texlive/2017/texmf-dist/tex/latex/base/utf8.def) [90]
Overfull \hbox (6.4981pt too wide) in paragraph at lines 5968--5974
[]\T1/ptm/m/n/10 The reg-istry files within the pack-age are as-sumed to be in 
the sub-di-rec-tory \T1/zi4/m/n/10 ./extdata/cwb/registry
(/usr/local/texlive/2017/texmf-dist/tex/latex/base/utf8.def) [91]
(/usr/local/texlive/2017/texmf-dist/tex/latex/base/utf8.def) [92]
Underfull \vbox (badness 10000) has occurred while \output is active [93]
No file Rd2.ind.
[94] (./Rd2.aux)

Package rerunfilecheck Warning: File `Rd2.out' has changed.
(rerunfilecheck)                Rerun to get outlines right
(rerunfilecheck)                or use package `bookmark'.

 )
(see the transcript file for additional information){/usr/local/texlive/2017/te
xmf-dist/fonts/enc/dvips/inconsolata/i4-ts1.enc}{/usr/local/texlive/2017/texmf-
dist/fonts/enc/dvips/base/8r.enc}{/usr/local/texlive/2017/texmf-dist/fonts/enc/
dvips/inconsolata/i4-t1-0.enc}</usr/local/texlive/2017/texmf-dist/fonts/type1/p
ublic/inconsolata/Inconsolata-zi4r.pfb></usr/local/texlive/2017/texmf-dist/font
s/type1/public/amsfonts/cm/cmex10.pfb></usr/local/texlive/2017/texmf-dist/fonts
/type1/public/amsfonts/cm/cmmi10.pfb></usr/local/texlive/2017/texmf-dist/fonts/
type1/public/amsfonts/cm/cmmi7.pfb></usr/local/texlive/2017/texmf-dist/fonts/ty
pe1/public/amsfonts/cm/cmr10.pfb></usr/local/texlive/2017/texmf-dist/fonts/type
1/public/amsfonts/cm/cmr5.pfb></usr/local/texlive/2017/texmf-dist/fonts/type1/p
ublic/amsfonts/cm/cmr7.pfb></usr/local/texlive/2017/texmf-dist/fonts/type1/publ
ic/amsfonts/cm/cmsy10.pfb></usr/local/texlive/2017/texmf-dist/fonts/type1/urw/h
elvetic/uhvr8a.pfb></usr/local/texlive/2017/texmf-dist/fonts/type1/urw/times/ut
mb8a.pfb></usr/local/texlive/2017/texmf-dist/fonts/type1/urw/times/utmr8a.pfb><
/usr/local/texlive/2017/texmf-dist/fonts/type1/urw/times/utmr8a.pfb></usr/local
/texlive/2017/texmf-dist/fonts/type1/urw/times/utmri8a.pfb>
Output written on Rd2.pdf (94 pages, 319257 bytes).
Transcript written on Rd2.log.
This is makeindex, version 2.15 [TeX Live 2017] (kpathsea + Thai support).
Scanning input file Rd2.idx....done (458 entries accepted, 13 rejected).
Sorting entries......done (4357 comparisons).
Generating output file Rd2.ind....done (869 lines written, 0 warnings).
Output written in Rd2.ind.
Transcript written in Rd2.ilg.
This is pdfTeX, Version 3.14159265-2.6-1.40.18 (TeX Live 2017) (preloaded format=pdflatex)
 restricted \write18 enabled.
entering extended mode
LaTeX2e <2017-04-15>
Babel <3.10> and hyphenation patterns for 84 language(s) loaded.
(./Rd2.tex
(/usr/local/texlive/2017/texmf-dist/tex/latex/base/book.cls
Document Class: book 2014/09/29 v1.4h Standard LaTeX document class
(/usr/local/texlive/2017/texmf-dist/tex/latex/base/bk10.clo))
(/Library/Frameworks/R.framework/Resources/share/texmf/tex/latex/Rd.sty
(/usr/local/texlive/2017/texmf-dist/tex/latex/base/ifthen.sty)
(/usr/local/texlive/2017/texmf-dist/tex/latex/tools/longtable.sty)
(/usr/local/texlive/2017/texmf-dist/tex/latex/tools/bm.sty)
(/usr/local/texlive/2017/texmf-dist/tex/latex/base/alltt.sty)
(/usr/local/texlive/2017/texmf-dist/tex/latex/tools/verbatim.sty)
(/usr/local/texlive/2017/texmf-dist/tex/latex/url/url.sty)
(/usr/local/texlive/2017/texmf-dist/tex/latex/base/textcomp.sty
(/usr/local/texlive/2017/texmf-dist/tex/latex/base/ts1enc.def))
(/usr/local/texlive/2017/texmf-dist/tex/latex/base/fontenc.sty
(/usr/local/texlive/2017/texmf-dist/tex/latex/base/t1enc.def))
(/usr/local/texlive/2017/texmf-dist/tex/latex/psnfss/times.sty)
(/usr/local/texlive/2017/texmf-dist/tex/latex/inconsolata/zi4.sty
`inconsolata-zi4' v1.112, 2017/01/04 Text macros for Inconsolata (msharpe)
(/usr/local/texlive/2017/texmf-dist/tex/latex/xkeyval/xkeyval.sty
(/usr/local/texlive/2017/texmf-dist/tex/generic/xkeyval/xkeyval.tex
(/usr/local/texlive/2017/texmf-dist/tex/generic/xkeyval/xkvutils.tex
(/usr/local/texlive/2017/texmf-dist/tex/generic/xkeyval/keyval.tex)))))
(/usr/local/texlive/2017/texmf-dist/tex/latex/graphics/color.sty
(/usr/local/texlive/2017/texmf-dist/tex/latex/graphics-cfg/color.cfg)
(/usr/local/texlive/2017/texmf-dist/tex/latex/graphics-def/pdftex.def
(/usr/local/texlive/2017/texmf-dist/tex/generic/oberdiek/infwarerr.sty)
(/usr/local/texlive/2017/texmf-dist/tex/generic/oberdiek/ltxcmds.sty)))
(/usr/local/texlive/2017/texmf-dist/tex/latex/hyperref/hyperref.sty
(/usr/local/texlive/2017/texmf-dist/tex/generic/oberdiek/hobsub-hyperref.sty
(/usr/local/texlive/2017/texmf-dist/tex/generic/oberdiek/hobsub-generic.sty))
(/usr/local/texlive/2017/texmf-dist/tex/generic/ifxetex/ifxetex.sty)
(/usr/local/texlive/2017/texmf-dist/tex/latex/oberdiek/auxhook.sty)
(/usr/local/texlive/2017/texmf-dist/tex/latex/oberdiek/kvoptions.sty)
(/usr/local/texlive/2017/texmf-dist/tex/latex/hyperref/pd1enc.def)
(/usr/local/texlive/2017/texmf-dist/tex/latex/latexconfig/hyperref.cfg))

Package hyperref Message: Driver (autodetected): hpdftex.

(/usr/local/texlive/2017/texmf-dist/tex/latex/hyperref/hpdftex.def
(/usr/local/texlive/2017/texmf-dist/tex/latex/oberdiek/rerunfilecheck.sty))

Package hyperref Warning: Option `hyperindex' has already been used,
(hyperref)                setting the option has no effect on input line 366.


Package hyperref Warning: Option `pagebackref' has already been used,
(hyperref)                setting the option has no effect on input line 366.

) (/usr/local/texlive/2017/texmf-dist/tex/latex/base/makeidx.sty)
(/usr/local/texlive/2017/texmf-dist/tex/latex/base/inputenc.sty
(/usr/local/texlive/2017/texmf-dist/tex/latex/base/utf8.def
(/usr/local/texlive/2017/texmf-dist/tex/latex/base/t1enc.dfu)
(/usr/local/texlive/2017/texmf-dist/tex/latex/base/ot1enc.dfu)
(/usr/local/texlive/2017/texmf-dist/tex/latex/base/omsenc.dfu)
(/usr/local/texlive/2017/texmf-dist/tex/latex/base/ts1enc.dfu)))
Writing index file Rd2.idx
(./Rd2.aux) (/usr/local/texlive/2017/texmf-dist/tex/latex/base/ts1cmr.fd)
(/usr/local/texlive/2017/texmf-dist/tex/latex/psnfss/t1ptm.fd)
(/usr/local/texlive/2017/texmf-dist/tex/context/base/mkii/supp-pdf.mkii
[Loading MPS to PDF converter (version 2006.09.02).]
) (/usr/local/texlive/2017/texmf-dist/tex/latex/hyperref/nameref.sty
(/usr/local/texlive/2017/texmf-dist/tex/generic/oberdiek/gettitlestring.sty))
(./Rd2.out) (./Rd2.out)
(/usr/local/texlive/2017/texmf-dist/tex/latex/base/utf8.def)
(/usr/local/texlive/2017/texmf-dist/tex/latex/inconsolata/t1zi4.fd)
(/usr/local/texlive/2017/texmf-dist/tex/latex/psnfss/ts1ptm.fd) [1{/usr/local/t
exlive/2017/texmf-var/fonts/map/pdftex/updmap/pdftex.map}]
(/usr/local/texlive/2017/texmf-dist/tex/latex/psnfss/t1phv.fd) (./Rd2.toc
[2]) (/usr/local/texlive/2017/texmf-dist/tex/latex/base/utf8.def) [3]
(/usr/local/texlive/2017/texmf-dist/tex/latex/inconsolata/ts1zi4.fd) [4]
(/usr/local/texlive/2017/texmf-dist/tex/latex/base/utf8.def)
(/usr/local/texlive/2017/texmf-dist/tex/latex/base/utf8.def) [5]
(/usr/local/texlive/2017/texmf-dist/tex/latex/base/utf8.def) [6]
(/usr/local/texlive/2017/texmf-dist/tex/latex/base/utf8.def)
Overfull \hbox (18.41718pt too wide) in paragraph at lines 319--325
\T1/ptm/m/n/10 package. There are many text min-ing ap-pli-ca-tions for documen
t-term ma-tri-ces. A \T1/zi4/m/n/10 DocumentTermMatrix
[7]
Overfull \hbox (28.95885pt too wide) in paragraph at lines 390--398
[]\T1/ptm/m/n/10 If \T1/zi4/m/n/10 x \T1/ptm/m/n/10 refers to a cor-pus (i.e. i
s a length 1 char-ac-ter vec-tor), a \T1/zi4/m/n/10 TermDocumentMatrix\T1/ptm/m
/n/10 , or \T1/zi4/m/n/10 DocumentTermMatrix
[8] (/usr/local/texlive/2017/texmf-dist/tex/latex/base/utf8.def)
Overfull \hbox (35.43944pt too wide) in paragraph at lines 459--465
\T1/ptm/m/n/10 package. Note how-ever that gen-er-at-ing a \T1/zi4/m/n/10 VCorp
us \T1/ptm/m/n/10 to get a \T1/zi4/m/n/10 DocumentTermMatrix\T1/ptm/m/n/10 , or
 a \T1/zi4/m/n/10 TermDocumentMatrix
[9] (/usr/local/texlive/2017/texmf-dist/tex/latex/base/utf8.def) [10]
(/usr/local/texlive/2017/texmf-dist/tex/latex/base/utf8.def)
(/usr/local/texlive/2017/texmf-dist/tex/latex/base/utf8.def) [11] [12] [13]
(/usr/local/texlive/2017/texmf-dist/tex/latex/base/utf8.def)
Overfull \vbox (0.43605pt too high) has occurred while \output is active
[14] [15] (/usr/local/texlive/2017/texmf-dist/tex/latex/base/utf8.def) [16]
Overfull \hbox (12.53809pt too wide) in paragraph at lines 932--934
[]\T1/ptm/m/n/10 A \T1/zi4/m/n/10 logical \T1/ptm/m/n/10 value, whether to chec
k va-lid-ity of CQP query us-ing \T1/zi4/m/n/10 check_cqp_query\T1/ptm/m/n/10 .
 
[17] (/usr/local/texlive/2017/texmf-dist/tex/latex/base/utf8.def) [18]
(/usr/local/texlive/2017/texmf-dist/tex/latex/base/utf8.def) [19]
(/usr/local/texlive/2017/texmf-dist/tex/latex/base/utf8.def) [20]
Overfull \hbox (21.07854pt too wide) in paragraph at lines 1244--1248
[]\T1/ptm/m/n/10 Character vec-tor or nu-meric vec-tor: in-clude a query hit on
ly if to-ken in \T1/zi4/m/n/10 positivelist
[21]
Overfull \hbox (24.74715pt too wide) in paragraph at lines 1290--1290
 []\T1/zi4/m/n/9 merkel <- partition("GERMAPARLMINI", interjection = "speech", 
speaker = ".*Merkel", regex = TRUE)[] 
(/usr/local/texlive/2017/texmf-dist/tex/latex/base/utf8.def) [22] [23]
Underfull \vbox (badness 10000) has occurred while \output is active [24]
(/usr/local/texlive/2017/texmf-dist/tex/latex/base/utf8.def) [25] [26]
(/usr/local/texlive/2017/texmf-dist/tex/latex/base/utf8.def) [27]
(/usr/local/texlive/2017/texmf-dist/tex/latex/base/utf8.def) [28]
Overfull \hbox (1.5497pt too wide) in paragraph at lines 1800--1801
[]\T1/ptm/m/n/10 Initialize a new ob-ject of

Overfull \hbox (18.06027pt too wide) in paragraph at lines 1801--1802
[]\T1/ptm/m/n/10 Perform counts. 
[29] (/usr/local/texlive/2017/texmf-dist/tex/latex/base/utf8.def) [30]
(/usr/local/texlive/2017/texmf-dist/tex/latex/base/utf8.def) [31]
(/usr/local/texlive/2017/texmf-dist/tex/latex/base/utf8.def) [32]
Overfull \hbox (12.53809pt too wide) in paragraph at lines 2040--2042
[]\T1/ptm/m/n/10 A \T1/zi4/m/n/10 logical \T1/ptm/m/n/10 value, whether to chec
k va-lid-ity of CQP query us-ing \T1/zi4/m/n/10 check_cqp_query\T1/ptm/m/n/10 .
 
[33] (/usr/local/texlive/2017/texmf-dist/tex/latex/base/utf8.def) [34]
(/usr/local/texlive/2017/texmf-dist/tex/latex/base/utf8.def) [35]
Overfull \hbox (7.44826pt too wide) in paragraph at lines 2223--2226
[]\T1/ptm/m/n/10 A \T1/zi4/m/n/10 character \T1/ptm/m/n/10 vec-tor in-di-cat-in
g a CWB cor-pus, a \T1/zi4/m/n/10 partition \T1/ptm/m/n/10 ob-ject, a \T1/zi4/m
/n/10 tempcorpus

Overfull \hbox (12.53809pt too wide) in paragraph at lines 2240--2242
[]\T1/ptm/m/n/10 A \T1/zi4/m/n/10 logical \T1/ptm/m/n/10 value, whether to chec
k va-lid-ity of CQP query us-ing \T1/zi4/m/n/10 check_cqp_query\T1/ptm/m/n/10 .
 
(/usr/local/texlive/2017/texmf-dist/tex/latex/base/utf8.def) [36]
(/usr/local/texlive/2017/texmf-dist/tex/latex/base/utf8.def) [37]
(/usr/local/texlive/2017/texmf-dist/tex/latex/base/utf8.def) [38]
(/usr/local/texlive/2017/texmf-dist/tex/latex/base/utf8.def) [39]
(/usr/local/texlive/2017/texmf-dist/tex/latex/base/utf8.def) [40]
(/usr/local/texlive/2017/texmf-dist/tex/latex/base/utf8.def) [41]
(/usr/local/texlive/2017/texmf-dist/tex/latex/base/utf8.def)
(/usr/local/texlive/2017/texmf-dist/tex/latex/base/utf8.def) [42]
Overfull \hbox (44.05911pt too wide) in paragraph at lines 2692--2698
\T1/ptm/m/n/10 tion_bundle" (see [][]\T1/zi4/m/n/10 partition_bundle-class[][][
]\T1/ptm/m/n/10 ), "kwic" (see [][]\T1/zi4/m/n/10 kwic-class[][][]\T1/ptm/m/n/1
0 ), and "con-text" (see [][]\T1/zi4/m/n/10 context-class[][][]\T1/ptm/m/n/10 )
.
(/usr/local/texlive/2017/texmf-dist/tex/latex/base/utf8.def)
Overfull \hbox (1.91815pt too wide) in paragraph at lines 2708--2711
[]\T1/ptm/m/n/10 The fea-tures of two ob-jects, usu-ally a \T1/zi4/m/n/10 parti
tion \T1/ptm/m/n/10 defin-ing a cor-pus of in-ter-est (coi), and a \T1/zi4/m/n/
10 partition
[43] [44] (/usr/local/texlive/2017/texmf-dist/tex/latex/base/utf8.def)
Overfull \hbox (4.66864pt too wide) in paragraph at lines 2852--2856
[]\T1/ptm/m/n/10 A set of \T1/zi4/m/n/10 features \T1/ptm/m/n/10 ob-jects can b
e com-bined into a \T1/zi4/m/n/10 features_bundle\T1/ptm/m/n/10 . Typ-i-cally, 
a \T1/zi4/m/n/10 features_bundle
[45] (/usr/local/texlive/2017/texmf-dist/tex/latex/base/utf8.def)
(/usr/local/texlive/2017/texmf-dist/tex/latex/base/utf8.def) [46]
(/usr/local/texlive/2017/texmf-dist/tex/latex/base/utf8.def) [47]
(/usr/local/texlive/2017/texmf-dist/tex/latex/base/utf8.def) [48] [49]
(/usr/local/texlive/2017/texmf-dist/tex/latex/base/utf8.def) [50]
Overfull \hbox (12.53809pt too wide) in paragraph at lines 3212--3214
[]\T1/ptm/m/n/10 A \T1/zi4/m/n/10 logical \T1/ptm/m/n/10 value, whether to chec
k va-lid-ity of CQP query us-ing \T1/zi4/m/n/10 check_cqp_query\T1/ptm/m/n/10 .
 
(/usr/local/texlive/2017/texmf-dist/tex/latex/base/utf8.def) [51]
(/usr/local/texlive/2017/texmf-dist/tex/latex/base/utf8.def)
Overfull \hbox (12.55846pt too wide) in paragraph at lines 3333--3335
[]\T1/ptm/m/n/10 maximum num-ber of to-kens to de-code from to-ken stream, pass
ed into \T1/zi4/m/n/10 as.markdown 
[52] (/usr/local/texlive/2017/texmf-dist/tex/latex/base/utf8.def) [53]
Overfull \hbox (12.53809pt too wide) in paragraph at lines 3468--3470
[]\T1/ptm/m/n/10 A \T1/zi4/m/n/10 logical \T1/ptm/m/n/10 value, whether to chec
k va-lid-ity of CQP query us-ing \T1/zi4/m/n/10 check_cqp_query\T1/ptm/m/n/10 .
 
[54] (/usr/local/texlive/2017/texmf-dist/tex/latex/base/utf8.def)
Overfull \hbox (1.85748pt too wide) in paragraph at lines 3542--3547
\T1/ptm/m/n/10 pro-cess kwic class ob-jects (see 'Us-age'). See sec-tion 'De-ta
ils' for the \T1/zi4/m/n/10 enrich\T1/ptm/m/n/10 , \T1/zi4/m/n/10 view \T1/ptm/
m/n/10 and \T1/zi4/m/n/10 knit_print
[55] [56] (/usr/local/texlive/2017/texmf-dist/tex/latex/base/utf8.def) [57]
(/usr/local/texlive/2017/texmf-dist/tex/latex/base/utf8.def)
(/usr/local/texlive/2017/texmf-dist/tex/latex/base/utf8.def) [58] [59] [60]
(/usr/local/texlive/2017/texmf-dist/tex/latex/base/utf8.def) [61]
(/usr/local/texlive/2017/texmf-dist/tex/latex/base/utf8.def) [62]
(/usr/local/texlive/2017/texmf-dist/tex/latex/base/utf8.def) [63]
(/usr/local/texlive/2017/texmf-dist/tex/latex/base/utf8.def)
(/usr/local/texlive/2017/texmf-dist/tex/latex/base/utf8.def) [64]
(/usr/local/texlive/2017/texmf-dist/tex/latex/base/utf8.def) [65]
Overfull \hbox (8.8082pt too wide) in paragraph at lines 4226--4228
[]\T1/ptm/m/n/10 Object slots that will be re-ported columns of \T1/zi4/m/n/10 
data.frame \T1/ptm/m/n/10 sum-ma-riz-ing \T1/zi4/m/n/10 partition
[66]
Overfull \hbox (11.24715pt too wide) in paragraph at lines 4295--4295
 []\T1/zi4/m/n/9 merkel <- partition("GERMAPARLMINI", speaker = ".*Merkel", p_a
ttribute = "word", regex = TRUE)[] 
[67] (/usr/local/texlive/2017/texmf-dist/tex/latex/base/utf8.def) [68]
(/usr/local/texlive/2017/texmf-dist/tex/latex/base/utf8.def) [69] [70]
(/usr/local/texlive/2017/texmf-dist/tex/latex/base/utf8.def) [71]
Overfull \hbox (12.50745pt too wide) in paragraph at lines 4674--4676
[]\T1/ptm/m/n/10 A name to iden-tify the ob-ject (\T1/zi4/m/n/10 character \T1/
ptm/m/n/10 vec-tor with length 1); use-ful when mul-ti-ple \T1/zi4/m/n/10 parti
tion
[72] (/usr/local/texlive/2017/texmf-dist/tex/latex/base/utf8.def) [73]
(/usr/local/texlive/2017/texmf-dist/tex/latex/base/utf8.def) [74]
Overfull \hbox (123.57532pt too wide) in paragraph at lines 4816--4817
[]\T1/ptm/m/n/10 Stefan Ev-ert & The OCWB De-vel-op-ment Team, CQP Query Lan-gu
age Tu-to-rial, http://cwb.sourceforge.net/files/CQP_Tutorial.pdf. 
(/usr/local/texlive/2017/texmf-dist/tex/latex/base/utf8.def) [75] [76]
Overfull \hbox (2.25635pt too wide) in paragraph at lines 4939--4939
 []\T1/zi4/m/n/9 pb <- as.speeches("GERMAPARLMINI", s_attribute_date = "date", 
s_attribute_name = "speaker")[] 
(/usr/local/texlive/2017/texmf-dist/tex/latex/base/utf8.def) [77]
(/usr/local/texlive/2017/texmf-dist/tex/latex/base/utf8.def)
Overfull \hbox (24.70741pt too wide) in paragraph at lines 5042--5048
[]\T1/ptm/m/n/10 Upon load-ing the polmineR pack-age, there is a check whether 
the en-vi-ron-ment vari-able \T1/zi4/m/n/10 CORPUS_REGISTRY
(/usr/local/texlive/2017/texmf-dist/tex/latex/base/utf8.def) [78]
Overfull \hbox (44.60707pt too wide) in paragraph at lines 5112--5114
[]\T1/ptm/m/n/10 An ap-pendix to the 'Cor-pus En-cod-ing Tu-to-rial' (http://cw
b.sourceforge.net/files/CWB_Encoding_Tutorial.pdf)
(/usr/local/texlive/2017/texmf-dist/tex/latex/base/utf8.def) [79]
(/usr/local/texlive/2017/texmf-dist/tex/latex/base/utf8.def) [80]
(/usr/local/texlive/2017/texmf-dist/tex/latex/base/utf8.def) [81]
(/usr/local/texlive/2017/texmf-dist/tex/latex/base/utf8.def)
(/usr/local/texlive/2017/texmf-dist/tex/latex/base/utf8.def) [82]
(/usr/local/texlive/2017/texmf-dist/tex/latex/base/utf8.def) [83]
(/usr/local/texlive/2017/texmf-dist/tex/latex/base/utf8.def) [84]
(/usr/local/texlive/2017/texmf-dist/tex/latex/base/utf8.def)
(/usr/local/texlive/2017/texmf-dist/tex/latex/base/utf8.def) [85]
(/usr/local/texlive/2017/texmf-dist/tex/latex/base/utf8.def)
(/usr/local/texlive/2017/texmf-dist/tex/latex/base/utf8.def) [86] [87] [88]
(/usr/local/texlive/2017/texmf-dist/tex/latex/base/utf8.def) [89]
(/usr/local/texlive/2017/texmf-dist/tex/latex/base/utf8.def) [90]
(/usr/local/texlive/2017/texmf-dist/tex/latex/base/utf8.def)
(/usr/local/texlive/2017/texmf-dist/tex/latex/base/utf8.def) [91]
Overfull \hbox (6.4981pt too wide) in paragraph at lines 5968--5974
[]\T1/ptm/m/n/10 The reg-istry files within the pack-age are as-sumed to be in 
the sub-di-rec-tory \T1/zi4/m/n/10 ./extdata/cwb/registry
(/usr/local/texlive/2017/texmf-dist/tex/latex/base/utf8.def) [92]
(/usr/local/texlive/2017/texmf-dist/tex/latex/base/utf8.def) [93]
Underfull \vbox (badness 10000) has occurred while \output is active [94]
(./Rd2.ind [95]

LaTeX Font Warning: Font shape `T1/zi4/m/it' undefined
(Font)              using `T1/zi4/m/n' instead on input line 3.


Overfull \hbox (20.8567pt too wide) in paragraph at lines 23--25
[]\T1/zi4/m/it/10 +,partition_bundle,partition_bundle-method 

Overfull \hbox (15.8567pt too wide) in paragraph at lines 96--98
[]\T1/zi4/m/it/10 as.data.frame,cooccurrences_bundle-method 
[96]
Overfull \hbox (0.8567pt too wide) in paragraph at lines 118--120
[]\T1/zi4/m/it/10 as.DocumentTermMatrix,character-method 

Overfull \hbox (35.8567pt too wide) in paragraph at lines 122--124
[]\T1/zi4/m/it/10 as.DocumentTermMatrix,partition_bundle-method 

Overfull \hbox (35.8567pt too wide) in paragraph at lines 153--155
[]\T1/zi4/m/it/10 as.simple_triplet_matrix,Cooccurrences-method 

Overfull \hbox (30.8567pt too wide) in paragraph at lines 160--162
[]\T1/zi4/m/it/10 as.sparseMatrix,simple_triplet_matrix-method 

Overfull \hbox (15.8567pt too wide) in paragraph at lines 162--164
[]\T1/zi4/m/it/10 as.sparseMatrix,TermDocumentMatrix-method 

Overfull \hbox (0.8567pt too wide) in paragraph at lines 168--170
[]\T1/zi4/m/it/10 as.TermDocumentMatrix,character-method 

Overfull \hbox (35.8567pt too wide) in paragraph at lines 172--174
[]\T1/zi4/m/it/10 as.TermDocumentMatrix,partition_bundle-method 

Overfull \hbox (10.01662pt too wide) in paragraph at lines 237--239
\T1/ptm/m/it/10 (\T1/zi4/m/it/10 Cooccurrences,character-method\T1/ptm/m/it/10 
)\T1/ptm/m/n/10 , 
[97]
Overfull \hbox (10.01662pt too wide) in paragraph at lines 250--252
\T1/ptm/m/it/10 (\T1/zi4/m/it/10 Cooccurrences,character-method\T1/ptm/m/it/10 
)\T1/ptm/m/n/10 , 
[98] [99]
Overfull \hbox (10.8567pt too wide) in paragraph at lines 629--631
[]\T1/zi4/m/it/10 partition_bundle,partition_bundle-method 
[100] [101] [102]) (./Rd2.aux)

Package rerunfilecheck Warning: File `Rd2.out' has changed.
(rerunfilecheck)                Rerun to get outlines right
(rerunfilecheck)                or use package `bookmark'.


LaTeX Font Warning: Some font shapes were not available, defaults substituted.

 )
(see the transcript file for additional information){/usr/local/texlive/2017/te
xmf-dist/fonts/enc/dvips/inconsolata/i4-ts1.enc}{/usr/local/texlive/2017/texmf-
dist/fonts/enc/dvips/base/8r.enc}{/usr/local/texlive/2017/texmf-dist/fonts/enc/
dvips/inconsolata/i4-t1-0.enc}</usr/local/texlive/2017/texmf-dist/fonts/type1/p
ublic/inconsolata/Inconsolata-zi4r.pfb></usr/local/texlive/2017/texmf-dist/font
s/type1/public/amsfonts/cm/cmex10.pfb></usr/local/texlive/2017/texmf-dist/fonts
/type1/public/amsfonts/cm/cmmi10.pfb></usr/local/texlive/2017/texmf-dist/fonts/
type1/public/amsfonts/cm/cmmi7.pfb></usr/local/texlive/2017/texmf-dist/fonts/ty
pe1/public/amsfonts/cm/cmr10.pfb></usr/local/texlive/2017/texmf-dist/fonts/type
1/public/amsfonts/cm/cmr5.pfb></usr/local/texlive/2017/texmf-dist/fonts/type1/p
ublic/amsfonts/cm/cmr7.pfb></usr/local/texlive/2017/texmf-dist/fonts/type1/publ
ic/amsfonts/cm/cmsy10.pfb></usr/local/texlive/2017/texmf-dist/fonts/type1/urw/h
elvetic/uhvr8a.pfb></usr/local/texlive/2017/texmf-dist/fonts/type1/urw/times/ut
mb8a.pfb></usr/local/texlive/2017/texmf-dist/fonts/type1/urw/times/utmr8a.pfb><
/usr/local/texlive/2017/texmf-dist/fonts/type1/urw/times/utmr8a.pfb></usr/local
/texlive/2017/texmf-dist/fonts/type1/urw/times/utmri8a.pfb>
Output written on Rd2.pdf (102 pages, 355571 bytes).
Transcript written on Rd2.log.
This is makeindex, version 2.15 [TeX Live 2017] (kpathsea + Thai support).
Scanning input file Rd2.idx....done (458 entries accepted, 13 rejected).
Sorting entries......done (4357 comparisons).
Generating output file Rd2.ind....done (869 lines written, 0 warnings).
Output written in Rd2.ind.
Transcript written in Rd2.ilg.
This is pdfTeX, Version 3.14159265-2.6-1.40.18 (TeX Live 2017) (preloaded format=pdflatex)
 restricted \write18 enabled.
entering extended mode
LaTeX2e <2017-04-15>
Babel <3.10> and hyphenation patterns for 84 language(s) loaded.
(./Rd2.tex
(/usr/local/texlive/2017/texmf-dist/tex/latex/base/book.cls
Document Class: book 2014/09/29 v1.4h Standard LaTeX document class
(/usr/local/texlive/2017/texmf-dist/tex/latex/base/bk10.clo))
(/Library/Frameworks/R.framework/Resources/share/texmf/tex/latex/Rd.sty
(/usr/local/texlive/2017/texmf-dist/tex/latex/base/ifthen.sty)
(/usr/local/texlive/2017/texmf-dist/tex/latex/tools/longtable.sty)
(/usr/local/texlive/2017/texmf-dist/tex/latex/tools/bm.sty)
(/usr/local/texlive/2017/texmf-dist/tex/latex/base/alltt.sty)
(/usr/local/texlive/2017/texmf-dist/tex/latex/tools/verbatim.sty)
(/usr/local/texlive/2017/texmf-dist/tex/latex/url/url.sty)
(/usr/local/texlive/2017/texmf-dist/tex/latex/base/textcomp.sty
(/usr/local/texlive/2017/texmf-dist/tex/latex/base/ts1enc.def))
(/usr/local/texlive/2017/texmf-dist/tex/latex/base/fontenc.sty
(/usr/local/texlive/2017/texmf-dist/tex/latex/base/t1enc.def))
(/usr/local/texlive/2017/texmf-dist/tex/latex/psnfss/times.sty)
(/usr/local/texlive/2017/texmf-dist/tex/latex/inconsolata/zi4.sty
`inconsolata-zi4' v1.112, 2017/01/04 Text macros for Inconsolata (msharpe)
(/usr/local/texlive/2017/texmf-dist/tex/latex/xkeyval/xkeyval.sty
(/usr/local/texlive/2017/texmf-dist/tex/generic/xkeyval/xkeyval.tex
(/usr/local/texlive/2017/texmf-dist/tex/generic/xkeyval/xkvutils.tex
(/usr/local/texlive/2017/texmf-dist/tex/generic/xkeyval/keyval.tex)))))
(/usr/local/texlive/2017/texmf-dist/tex/latex/graphics/color.sty
(/usr/local/texlive/2017/texmf-dist/tex/latex/graphics-cfg/color.cfg)
(/usr/local/texlive/2017/texmf-dist/tex/latex/graphics-def/pdftex.def
(/usr/local/texlive/2017/texmf-dist/tex/generic/oberdiek/infwarerr.sty)
(/usr/local/texlive/2017/texmf-dist/tex/generic/oberdiek/ltxcmds.sty)))
(/usr/local/texlive/2017/texmf-dist/tex/latex/hyperref/hyperref.sty
(/usr/local/texlive/2017/texmf-dist/tex/generic/oberdiek/hobsub-hyperref.sty
(/usr/local/texlive/2017/texmf-dist/tex/generic/oberdiek/hobsub-generic.sty))
(/usr/local/texlive/2017/texmf-dist/tex/generic/ifxetex/ifxetex.sty)
(/usr/local/texlive/2017/texmf-dist/tex/latex/oberdiek/auxhook.sty)
(/usr/local/texlive/2017/texmf-dist/tex/latex/oberdiek/kvoptions.sty)
(/usr/local/texlive/2017/texmf-dist/tex/latex/hyperref/pd1enc.def)
(/usr/local/texlive/2017/texmf-dist/tex/latex/latexconfig/hyperref.cfg))

Package hyperref Message: Driver (autodetected): hpdftex.

(/usr/local/texlive/2017/texmf-dist/tex/latex/hyperref/hpdftex.def
(/usr/local/texlive/2017/texmf-dist/tex/latex/oberdiek/rerunfilecheck.sty))

Package hyperref Warning: Option `hyperindex' has already been used,
(hyperref)                setting the option has no effect on input line 366.


Package hyperref Warning: Option `pagebackref' has already been used,
(hyperref)                setting the option has no effect on input line 366.

) (/usr/local/texlive/2017/texmf-dist/tex/latex/base/makeidx.sty)
(/usr/local/texlive/2017/texmf-dist/tex/latex/base/inputenc.sty
(/usr/local/texlive/2017/texmf-dist/tex/latex/base/utf8.def
(/usr/local/texlive/2017/texmf-dist/tex/latex/base/t1enc.dfu)
(/usr/local/texlive/2017/texmf-dist/tex/latex/base/ot1enc.dfu)
(/usr/local/texlive/2017/texmf-dist/tex/latex/base/omsenc.dfu)
(/usr/local/texlive/2017/texmf-dist/tex/latex/base/ts1enc.dfu)))
Writing index file Rd2.idx
(./Rd2.aux) (/usr/local/texlive/2017/texmf-dist/tex/latex/base/ts1cmr.fd)
(/usr/local/texlive/2017/texmf-dist/tex/latex/psnfss/t1ptm.fd)
(/usr/local/texlive/2017/texmf-dist/tex/context/base/mkii/supp-pdf.mkii
[Loading MPS to PDF converter (version 2006.09.02).]
) (/usr/local/texlive/2017/texmf-dist/tex/latex/hyperref/nameref.sty
(/usr/local/texlive/2017/texmf-dist/tex/generic/oberdiek/gettitlestring.sty))
(./Rd2.out) (./Rd2.out)
(/usr/local/texlive/2017/texmf-dist/tex/latex/base/utf8.def)
(/usr/local/texlive/2017/texmf-dist/tex/latex/inconsolata/t1zi4.fd)
(/usr/local/texlive/2017/texmf-dist/tex/latex/psnfss/ts1ptm.fd) [1{/usr/local/t
exlive/2017/texmf-var/fonts/map/pdftex/updmap/pdftex.map}]
(/usr/local/texlive/2017/texmf-dist/tex/latex/psnfss/t1phv.fd) (./Rd2.toc
[2]) (/usr/local/texlive/2017/texmf-dist/tex/latex/base/utf8.def) [3]
(/usr/local/texlive/2017/texmf-dist/tex/latex/inconsolata/ts1zi4.fd) [4]
(/usr/local/texlive/2017/texmf-dist/tex/latex/base/utf8.def)
(/usr/local/texlive/2017/texmf-dist/tex/latex/base/utf8.def) [5]
(/usr/local/texlive/2017/texmf-dist/tex/latex/base/utf8.def) [6]
(/usr/local/texlive/2017/texmf-dist/tex/latex/base/utf8.def)
Overfull \hbox (18.41718pt too wide) in paragraph at lines 319--325
\T1/ptm/m/n/10 package. There are many text min-ing ap-pli-ca-tions for documen
t-term ma-tri-ces. A \T1/zi4/m/n/10 DocumentTermMatrix
[7]
Overfull \hbox (28.95885pt too wide) in paragraph at lines 390--398
[]\T1/ptm/m/n/10 If \T1/zi4/m/n/10 x \T1/ptm/m/n/10 refers to a cor-pus (i.e. i
s a length 1 char-ac-ter vec-tor), a \T1/zi4/m/n/10 TermDocumentMatrix\T1/ptm/m
/n/10 , or \T1/zi4/m/n/10 DocumentTermMatrix
[8] (/usr/local/texlive/2017/texmf-dist/tex/latex/base/utf8.def)
Overfull \hbox (35.43944pt too wide) in paragraph at lines 459--465
\T1/ptm/m/n/10 package. Note how-ever that gen-er-at-ing a \T1/zi4/m/n/10 VCorp
us \T1/ptm/m/n/10 to get a \T1/zi4/m/n/10 DocumentTermMatrix\T1/ptm/m/n/10 , or
 a \T1/zi4/m/n/10 TermDocumentMatrix
[9] (/usr/local/texlive/2017/texmf-dist/tex/latex/base/utf8.def) [10]
(/usr/local/texlive/2017/texmf-dist/tex/latex/base/utf8.def)
(/usr/local/texlive/2017/texmf-dist/tex/latex/base/utf8.def) [11] [12] [13]
(/usr/local/texlive/2017/texmf-dist/tex/latex/base/utf8.def)
Overfull \vbox (0.43605pt too high) has occurred while \output is active
[14] [15] (/usr/local/texlive/2017/texmf-dist/tex/latex/base/utf8.def) [16]
Overfull \hbox (12.53809pt too wide) in paragraph at lines 932--934
[]\T1/ptm/m/n/10 A \T1/zi4/m/n/10 logical \T1/ptm/m/n/10 value, whether to chec
k va-lid-ity of CQP query us-ing \T1/zi4/m/n/10 check_cqp_query\T1/ptm/m/n/10 .
 
[17] (/usr/local/texlive/2017/texmf-dist/tex/latex/base/utf8.def) [18]
(/usr/local/texlive/2017/texmf-dist/tex/latex/base/utf8.def) [19]
(/usr/local/texlive/2017/texmf-dist/tex/latex/base/utf8.def) [20]
Overfull \hbox (21.07854pt too wide) in paragraph at lines 1244--1248
[]\T1/ptm/m/n/10 Character vec-tor or nu-meric vec-tor: in-clude a query hit on
ly if to-ken in \T1/zi4/m/n/10 positivelist
[21]
Overfull \hbox (24.74715pt too wide) in paragraph at lines 1290--1290
 []\T1/zi4/m/n/9 merkel <- partition("GERMAPARLMINI", interjection = "speech", 
speaker = ".*Merkel", regex = TRUE)[] 
(/usr/local/texlive/2017/texmf-dist/tex/latex/base/utf8.def) [22] [23]
Underfull \vbox (badness 10000) has occurred while \output is active [24]
(/usr/local/texlive/2017/texmf-dist/tex/latex/base/utf8.def) [25] [26]
(/usr/local/texlive/2017/texmf-dist/tex/latex/base/utf8.def) [27]
(/usr/local/texlive/2017/texmf-dist/tex/latex/base/utf8.def) [28]
Overfull \hbox (1.5497pt too wide) in paragraph at lines 1800--1801
[]\T1/ptm/m/n/10 Initialize a new ob-ject of

Overfull \hbox (18.06027pt too wide) in paragraph at lines 1801--1802
[]\T1/ptm/m/n/10 Perform counts. 
[29] (/usr/local/texlive/2017/texmf-dist/tex/latex/base/utf8.def) [30]
(/usr/local/texlive/2017/texmf-dist/tex/latex/base/utf8.def) [31]
(/usr/local/texlive/2017/texmf-dist/tex/latex/base/utf8.def) [32]
Overfull \hbox (12.53809pt too wide) in paragraph at lines 2040--2042
[]\T1/ptm/m/n/10 A \T1/zi4/m/n/10 logical \T1/ptm/m/n/10 value, whether to chec
k va-lid-ity of CQP query us-ing \T1/zi4/m/n/10 check_cqp_query\T1/ptm/m/n/10 .
 
[33] (/usr/local/texlive/2017/texmf-dist/tex/latex/base/utf8.def) [34]
(/usr/local/texlive/2017/texmf-dist/tex/latex/base/utf8.def) [35]
Overfull \hbox (7.44826pt too wide) in paragraph at lines 2223--2226
[]\T1/ptm/m/n/10 A \T1/zi4/m/n/10 character \T1/ptm/m/n/10 vec-tor in-di-cat-in
g a CWB cor-pus, a \T1/zi4/m/n/10 partition \T1/ptm/m/n/10 ob-ject, a \T1/zi4/m
/n/10 tempcorpus

Overfull \hbox (12.53809pt too wide) in paragraph at lines 2240--2242
[]\T1/ptm/m/n/10 A \T1/zi4/m/n/10 logical \T1/ptm/m/n/10 value, whether to chec
k va-lid-ity of CQP query us-ing \T1/zi4/m/n/10 check_cqp_query\T1/ptm/m/n/10 .
 
(/usr/local/texlive/2017/texmf-dist/tex/latex/base/utf8.def) [36]
(/usr/local/texlive/2017/texmf-dist/tex/latex/base/utf8.def) [37]
(/usr/local/texlive/2017/texmf-dist/tex/latex/base/utf8.def) [38]
(/usr/local/texlive/2017/texmf-dist/tex/latex/base/utf8.def) [39]
(/usr/local/texlive/2017/texmf-dist/tex/latex/base/utf8.def) [40]
(/usr/local/texlive/2017/texmf-dist/tex/latex/base/utf8.def) [41]
(/usr/local/texlive/2017/texmf-dist/tex/latex/base/utf8.def)
(/usr/local/texlive/2017/texmf-dist/tex/latex/base/utf8.def) [42]
Overfull \hbox (44.05911pt too wide) in paragraph at lines 2692--2698
\T1/ptm/m/n/10 tion_bundle" (see [][]\T1/zi4/m/n/10 partition_bundle-class[][][
]\T1/ptm/m/n/10 ), "kwic" (see [][]\T1/zi4/m/n/10 kwic-class[][][]\T1/ptm/m/n/1
0 ), and "con-text" (see [][]\T1/zi4/m/n/10 context-class[][][]\T1/ptm/m/n/10 )
.
(/usr/local/texlive/2017/texmf-dist/tex/latex/base/utf8.def)
Overfull \hbox (1.91815pt too wide) in paragraph at lines 2708--2711
[]\T1/ptm/m/n/10 The fea-tures of two ob-jects, usu-ally a \T1/zi4/m/n/10 parti
tion \T1/ptm/m/n/10 defin-ing a cor-pus of in-ter-est (coi), and a \T1/zi4/m/n/
10 partition
[43] [44] (/usr/local/texlive/2017/texmf-dist/tex/latex/base/utf8.def)
Overfull \hbox (4.66864pt too wide) in paragraph at lines 2852--2856
[]\T1/ptm/m/n/10 A set of \T1/zi4/m/n/10 features \T1/ptm/m/n/10 ob-jects can b
e com-bined into a \T1/zi4/m/n/10 features_bundle\T1/ptm/m/n/10 . Typ-i-cally, 
a \T1/zi4/m/n/10 features_bundle
[45] (/usr/local/texlive/2017/texmf-dist/tex/latex/base/utf8.def)
(/usr/local/texlive/2017/texmf-dist/tex/latex/base/utf8.def) [46]
(/usr/local/texlive/2017/texmf-dist/tex/latex/base/utf8.def) [47]
(/usr/local/texlive/2017/texmf-dist/tex/latex/base/utf8.def) [48] [49]
(/usr/local/texlive/2017/texmf-dist/tex/latex/base/utf8.def) [50]
Overfull \hbox (12.53809pt too wide) in paragraph at lines 3212--3214
[]\T1/ptm/m/n/10 A \T1/zi4/m/n/10 logical \T1/ptm/m/n/10 value, whether to chec
k va-lid-ity of CQP query us-ing \T1/zi4/m/n/10 check_cqp_query\T1/ptm/m/n/10 .
 
(/usr/local/texlive/2017/texmf-dist/tex/latex/base/utf8.def) [51]
(/usr/local/texlive/2017/texmf-dist/tex/latex/base/utf8.def)
Overfull \hbox (12.55846pt too wide) in paragraph at lines 3333--3335
[]\T1/ptm/m/n/10 maximum num-ber of to-kens to de-code from to-ken stream, pass
ed into \T1/zi4/m/n/10 as.markdown 
[52] (/usr/local/texlive/2017/texmf-dist/tex/latex/base/utf8.def) [53]
Overfull \hbox (12.53809pt too wide) in paragraph at lines 3468--3470
[]\T1/ptm/m/n/10 A \T1/zi4/m/n/10 logical \T1/ptm/m/n/10 value, whether to chec
k va-lid-ity of CQP query us-ing \T1/zi4/m/n/10 check_cqp_query\T1/ptm/m/n/10 .
 
[54] (/usr/local/texlive/2017/texmf-dist/tex/latex/base/utf8.def)
Overfull \hbox (1.85748pt too wide) in paragraph at lines 3542--3547
\T1/ptm/m/n/10 pro-cess kwic class ob-jects (see 'Us-age'). See sec-tion 'De-ta
ils' for the \T1/zi4/m/n/10 enrich\T1/ptm/m/n/10 , \T1/zi4/m/n/10 view \T1/ptm/
m/n/10 and \T1/zi4/m/n/10 knit_print
[55] [56] (/usr/local/texlive/2017/texmf-dist/tex/latex/base/utf8.def) [57]
(/usr/local/texlive/2017/texmf-dist/tex/latex/base/utf8.def)
(/usr/local/texlive/2017/texmf-dist/tex/latex/base/utf8.def) [58] [59] [60]
(/usr/local/texlive/2017/texmf-dist/tex/latex/base/utf8.def) [61]
(/usr/local/texlive/2017/texmf-dist/tex/latex/base/utf8.def) [62]
(/usr/local/texlive/2017/texmf-dist/tex/latex/base/utf8.def) [63]
(/usr/local/texlive/2017/texmf-dist/tex/latex/base/utf8.def)
(/usr/local/texlive/2017/texmf-dist/tex/latex/base/utf8.def) [64]
(/usr/local/texlive/2017/texmf-dist/tex/latex/base/utf8.def) [65]
Overfull \hbox (8.8082pt too wide) in paragraph at lines 4226--4228
[]\T1/ptm/m/n/10 Object slots that will be re-ported columns of \T1/zi4/m/n/10 
data.frame \T1/ptm/m/n/10 sum-ma-riz-ing \T1/zi4/m/n/10 partition
[66]
Overfull \hbox (11.24715pt too wide) in paragraph at lines 4295--4295
 []\T1/zi4/m/n/9 merkel <- partition("GERMAPARLMINI", speaker = ".*Merkel", p_a
ttribute = "word", regex = TRUE)[] 
[67] (/usr/local/texlive/2017/texmf-dist/tex/latex/base/utf8.def) [68]
(/usr/local/texlive/2017/texmf-dist/tex/latex/base/utf8.def) [69] [70]
(/usr/local/texlive/2017/texmf-dist/tex/latex/base/utf8.def) [71]
Overfull \hbox (12.50745pt too wide) in paragraph at lines 4674--4676
[]\T1/ptm/m/n/10 A name to iden-tify the ob-ject (\T1/zi4/m/n/10 character \T1/
ptm/m/n/10 vec-tor with length 1); use-ful when mul-ti-ple \T1/zi4/m/n/10 parti
tion
[72] (/usr/local/texlive/2017/texmf-dist/tex/latex/base/utf8.def) [73]
(/usr/local/texlive/2017/texmf-dist/tex/latex/base/utf8.def) [74]
Overfull \hbox (123.57532pt too wide) in paragraph at lines 4816--4817
[]\T1/ptm/m/n/10 Stefan Ev-ert & The OCWB De-vel-op-ment Team, CQP Query Lan-gu
age Tu-to-rial, http://cwb.sourceforge.net/files/CQP_Tutorial.pdf. 
(/usr/local/texlive/2017/texmf-dist/tex/latex/base/utf8.def) [75] [76]
Overfull \hbox (2.25635pt too wide) in paragraph at lines 4939--4939
 []\T1/zi4/m/n/9 pb <- as.speeches("GERMAPARLMINI", s_attribute_date = "date", 
s_attribute_name = "speaker")[] 
(/usr/local/texlive/2017/texmf-dist/tex/latex/base/utf8.def) [77]
(/usr/local/texlive/2017/texmf-dist/tex/latex/base/utf8.def)
Overfull \hbox (24.70741pt too wide) in paragraph at lines 5042--5048
[]\T1/ptm/m/n/10 Upon load-ing the polmineR pack-age, there is a check whether 
the en-vi-ron-ment vari-able \T1/zi4/m/n/10 CORPUS_REGISTRY
(/usr/local/texlive/2017/texmf-dist/tex/latex/base/utf8.def) [78]
Overfull \hbox (44.60707pt too wide) in paragraph at lines 5112--5114
[]\T1/ptm/m/n/10 An ap-pendix to the 'Cor-pus En-cod-ing Tu-to-rial' (http://cw
b.sourceforge.net/files/CWB_Encoding_Tutorial.pdf)
(/usr/local/texlive/2017/texmf-dist/tex/latex/base/utf8.def) [79]
(/usr/local/texlive/2017/texmf-dist/tex/latex/base/utf8.def) [80]
(/usr/local/texlive/2017/texmf-dist/tex/latex/base/utf8.def) [81]
(/usr/local/texlive/2017/texmf-dist/tex/latex/base/utf8.def)
(/usr/local/texlive/2017/texmf-dist/tex/latex/base/utf8.def) [82]
(/usr/local/texlive/2017/texmf-dist/tex/latex/base/utf8.def) [83]
(/usr/local/texlive/2017/texmf-dist/tex/latex/base/utf8.def) [84]
(/usr/local/texlive/2017/texmf-dist/tex/latex/base/utf8.def)
(/usr/local/texlive/2017/texmf-dist/tex/latex/base/utf8.def) [85]
(/usr/local/texlive/2017/texmf-dist/tex/latex/base/utf8.def)
(/usr/local/texlive/2017/texmf-dist/tex/latex/base/utf8.def) [86] [87] [88]
(/usr/local/texlive/2017/texmf-dist/tex/latex/base/utf8.def) [89]
(/usr/local/texlive/2017/texmf-dist/tex/latex/base/utf8.def) [90]
(/usr/local/texlive/2017/texmf-dist/tex/latex/base/utf8.def)
(/usr/local/texlive/2017/texmf-dist/tex/latex/base/utf8.def) [91]
Overfull \hbox (6.4981pt too wide) in paragraph at lines 5968--5974
[]\T1/ptm/m/n/10 The reg-istry files within the pack-age are as-sumed to be in 
the sub-di-rec-tory \T1/zi4/m/n/10 ./extdata/cwb/registry
(/usr/local/texlive/2017/texmf-dist/tex/latex/base/utf8.def) [92]
(/usr/local/texlive/2017/texmf-dist/tex/latex/base/utf8.def) [93]
Underfull \vbox (badness 10000) has occurred while \output is active [94]
(./Rd2.ind [95]

LaTeX Font Warning: Font shape `T1/zi4/m/it' undefined
(Font)              using `T1/zi4/m/n' instead on input line 3.


Overfull \hbox (20.8567pt too wide) in paragraph at lines 23--25
[]\T1/zi4/m/it/10 +,partition_bundle,partition_bundle-method 

Overfull \hbox (15.8567pt too wide) in paragraph at lines 96--98
[]\T1/zi4/m/it/10 as.data.frame,cooccurrences_bundle-method 
[96]
Overfull \hbox (0.8567pt too wide) in paragraph at lines 118--120
[]\T1/zi4/m/it/10 as.DocumentTermMatrix,character-method 

Overfull \hbox (35.8567pt too wide) in paragraph at lines 122--124
[]\T1/zi4/m/it/10 as.DocumentTermMatrix,partition_bundle-method 

Overfull \hbox (35.8567pt too wide) in paragraph at lines 153--155
[]\T1/zi4/m/it/10 as.simple_triplet_matrix,Cooccurrences-method 

Overfull \hbox (30.8567pt too wide) in paragraph at lines 160--162
[]\T1/zi4/m/it/10 as.sparseMatrix,simple_triplet_matrix-method 

Overfull \hbox (15.8567pt too wide) in paragraph at lines 162--164
[]\T1/zi4/m/it/10 as.sparseMatrix,TermDocumentMatrix-method 

Overfull \hbox (0.8567pt too wide) in paragraph at lines 168--170
[]\T1/zi4/m/it/10 as.TermDocumentMatrix,character-method 

Overfull \hbox (35.8567pt too wide) in paragraph at lines 172--174
[]\T1/zi4/m/it/10 as.TermDocumentMatrix,partition_bundle-method 

Overfull \hbox (10.01662pt too wide) in paragraph at lines 237--239
\T1/ptm/m/it/10 (\T1/zi4/m/it/10 Cooccurrences,character-method\T1/ptm/m/it/10 
)\T1/ptm/m/n/10 , 
[97]
Overfull \hbox (10.01662pt too wide) in paragraph at lines 250--252
\T1/ptm/m/it/10 (\T1/zi4/m/it/10 Cooccurrences,character-method\T1/ptm/m/it/10 
)\T1/ptm/m/n/10 , 
[98] [99]
Overfull \hbox (10.8567pt too wide) in paragraph at lines 629--631
[]\T1/zi4/m/it/10 partition_bundle,partition_bundle-method 
[100] [101] [102]) (./Rd2.aux)

LaTeX Font Warning: Some font shapes were not available, defaults substituted.

 )
(see the transcript file for additional information){/usr/local/texlive/2017/te
xmf-dist/fonts/enc/dvips/inconsolata/i4-ts1.enc}{/usr/local/texlive/2017/texmf-
dist/fonts/enc/dvips/base/8r.enc}{/usr/local/texlive/2017/texmf-dist/fonts/enc/
dvips/inconsolata/i4-t1-0.enc}</usr/local/texlive/2017/texmf-dist/fonts/type1/p
ublic/inconsolata/Inconsolata-zi4r.pfb></usr/local/texlive/2017/texmf-dist/font
s/type1/public/amsfonts/cm/cmex10.pfb></usr/local/texlive/2017/texmf-dist/fonts
/type1/public/amsfonts/cm/cmmi10.pfb></usr/local/texlive/2017/texmf-dist/fonts/
type1/public/amsfonts/cm/cmmi7.pfb></usr/local/texlive/2017/texmf-dist/fonts/ty
pe1/public/amsfonts/cm/cmr10.pfb></usr/local/texlive/2017/texmf-dist/fonts/type
1/public/amsfonts/cm/cmr5.pfb></usr/local/texlive/2017/texmf-dist/fonts/type1/p
ublic/amsfonts/cm/cmr7.pfb></usr/local/texlive/2017/texmf-dist/fonts/type1/publ
ic/amsfonts/cm/cmsy10.pfb></usr/local/texlive/2017/texmf-dist/fonts/type1/urw/h
elvetic/uhvr8a.pfb></usr/local/texlive/2017/texmf-dist/fonts/type1/urw/times/ut
mb8a.pfb></usr/local/texlive/2017/texmf-dist/fonts/type1/urw/times/utmr8a.pfb><
/usr/local/texlive/2017/texmf-dist/fonts/type1/urw/times/utmr8a.pfb></usr/local
/texlive/2017/texmf-dist/fonts/type1/urw/times/utmri8a.pfb>
Output written on Rd2.pdf (102 pages, 356240 bytes).
Transcript written on Rd2.log.
Saving output to polmineR-manual.pdf ...
Done
You may want to clean up by 'rm -Rf /var/folders/r6/1k6mxnbj5077980k11xvr0q40000gn/T//RtmpR62W3l/Rd2pdf16e521edafff5'
